\BOOKMARK [0][-]{part.1}{\376\377\173\054\116\000\220\350\122\006\000\040}{}% 1
\BOOKMARK [1][-]{section.1.1}{\376\377\133\236\232\214\230\171\166\356\124\015\171\360\377\032}{part.1}% 2
\BOOKMARK [1][-]{section.1.2}{\376\377\133\236\232\214\123\237\164\006\377\032}{part.1}% 3
\BOOKMARK [2][-]{subsection.1.2.1}{\376\377\000H\000a\000r\000r\000i\000s\211\322\160\271\150\300\155\113\173\227\154\325}{section.1.2}% 4
\BOOKMARK [3][-]{subsubsection.1.2.1.1}{\376\377\151\202\137\365}{subsection.1.2.1}% 5
\BOOKMARK [3][-]{subsubsection.1.2.1.2}{\376\377\145\160\133\146\123\237\164\006}{subsection.1.2.1}% 6
\BOOKMARK [3][-]{subsubsection.1.2.1.3}{\376\377\117\030\123\026}{subsection.1.2.1}% 7
\BOOKMARK [3][-]{subsubsection.1.2.1.4}{\376\377\117\052\116\343\170\001}{subsection.1.2.1}% 8
\BOOKMARK [3][-]{subsubsection.1.2.1.5}{\376\377\134\100\226\120\140\047}{subsection.1.2.1}% 9
\BOOKMARK [2][-]{subsection.1.2.2}{\376\377\000N\000N\000D\000R\173\227\154\325}{section.1.2}% 10
\BOOKMARK [3][-]{subsubsection.1.2.2.1}{\376\377\127\372\147\054\140\035\140\363}{subsection.1.2.2}% 11
\BOOKMARK [2][-]{subsection.1.2.3}{\376\377\000S\000I\000F\000T\134\100\220\350\162\171\137\201\143\317\217\360\173\227\154\325}{section.1.2}% 12
\BOOKMARK [3][-]{subsubsection.1.2.3.1}{\376\377\134\072\136\246\172\172\225\364\147\201\120\074\150\300\155\113}{subsection.1.2.3}% 13
\BOOKMARK [3][-]{subsubsection.1.2.3.2}{\376\377\121\163\225\056\160\271\133\232\117\115}{subsection.1.2.3}% 14
\BOOKMARK [3][-]{subsubsection.1.2.3.3}{\376\377\145\271\124\021\122\006\221\115}{subsection.1.2.3}% 15
\BOOKMARK [3][-]{subsubsection.1.2.3.4}{\376\377\121\163\225\056\160\271\143\317\217\360\173\046\165\037\142\020}{subsection.1.2.3}% 16
\BOOKMARK [3][-]{subsubsection.1.2.3.5}{\376\377\143\317\217\360\173\046\137\122\116\000\123\026}{subsection.1.2.3}% 17
\BOOKMARK [3][-]{subsubsection.1.2.3.6}{\376\377\117\052\116\343\170\001}{subsection.1.2.3}% 18
\BOOKMARK [1][-]{section.1.3}{\376\377\133\236\232\214\166\356\166\204\377\032}{part.1}% 19
\BOOKMARK [1][-]{section.1.4}{\376\377\133\236\232\214\121\205\133\271\377\032}{part.1}% 20
\BOOKMARK [1][-]{section.1.5}{\376\377\133\236\232\214\153\145\232\244\377\032}{part.1}% 21
\BOOKMARK [2][-]{subsection.1.5.1}{\376\377\173\227\154\325\133\236\163\260}{section.1.5}% 22
\BOOKMARK [2][-]{subsection.1.5.2}{\376\377\000H\000a\000r\000r\000i\000s\211\322\160\271\150\300\155\113\173\227\154\325\123\302\145\160\164\006\211\343\124\214\214\003\117\030}{section.1.5}% 23
\BOOKMARK [1][-]{section.1.6}{\376\377\133\236\232\214\145\160\143\156\123\312\176\323\147\234\122\006\147\220\377\032}{part.1}% 24
\BOOKMARK [2][-]{subsection.1.6.1}{\376\377\123\357\211\306\123\026\176\323\147\234}{section.1.6}% 25
\BOOKMARK [2][-]{subsection.1.6.2}{\376\377\133\232\221\317\176\323\147\234}{section.1.6}% 26
\BOOKMARK [1][-]{section.1.7}{\376\377\133\236\232\214\176\323\213\272\377\032}{part.1}% 27
\BOOKMARK [1][-]{section.1.8}{\376\377\140\073\176\323\123\312\137\303\137\227\117\123\117\032\377\032}{part.1}% 28
\BOOKMARK [1][-]{section.1.9}{\376\377\133\371\147\054\133\236\232\214\217\307\172\013\123\312\145\271\154\325\060\001\142\113\153\265\166\204\145\071\217\333\136\372\213\256\123\312\134\125\147\033\377\032}{part.1}% 29
\BOOKMARK [1][-]{appendix.1.1}{\376\377\116\343\170\001\171\072\117\213}{part.1}% 30
